2000.12.13 14:34 B C:\FTPSTUFF\asciitab.h <-- our linux machine /home/pvanstad/ap asciitab.h
2000.12.13 14:34 B C:\FTPSTUFF\externs.h <-- our linux machine /home/pvanstad/ap externs.h
2000.12.13 14:34 B C:\FTPSTUFF\funcs.h <-- our linux machine /home/pvanstad/ap funcs.h
2000.12.13 14:34 B C:\FTPSTUFF\gbstruct.h <-- our linux machine /home/pvanstad/ap gbstruct.h
2000.12.13 14:34 B C:\FTPSTUFF\hashtable.c <-- our linux machine /home/pvanstad/ap hashtable.c
2000.12.13 14:34 B C:\FTPSTUFF\hashtable.h <-- our linux machine /home/pvanstad/ap hashtable.h
2000.12.13 14:34 B C:\FTPSTUFF\iasciitab.h <-- our linux machine /home/pvanstad/ap iasciitab.h
2000.12.13 14:34 B C:\FTPSTUFF\latin1tab.h <-- our linux machine /home/pvanstad/ap latin1tab.h
2000.12.13 14:34 B C:\FTPSTUFF\libsgxml.a <-- our linux machine /home/pvanstad/ap libsgxml.a
2000.12.13 14:34 B C:\FTPSTUFF\Makefile <-- our linux machine /home/pvanstad/ap Makefile
2000.12.13 14:34 B C:\FTPSTUFF\Makefile.tmpl <-- our linux machine /home/pvanstad/ap Makefile.tmpl
2000.12.13 14:34 B C:\FTPSTUFF\mod_sgxml.c <-- our linux machine /home/pvanstad/ap mod_sgxml.c
2000.12.13 14:34 B C:\FTPSTUFF\nametab.h <-- our linux machine /home/pvanstad/ap nametab.h
2000.12.13 14:34 B C:\FTPSTUFF\sgparse.c <-- our linux machine /home/pvanstad/ap sgparse.c
2000.12.13 14:34 B C:\FTPSTUFF\Sgsock.c <-- our linux machine /home/pvanstad/ap Sgsock.c
2000.12.13 14:34 B C:\FTPSTUFF\sgsock.h <-- our linux machine /home/pvanstad/ap sgsock.h
2000.12.13 14:34 B C:\FTPSTUFF\tt0001.c <-- our linux machine /home/pvanstad/ap tt0001.c
2000.12.13 14:34 B C:\FTPSTUFF\tt0001_defs.h <-- our linux machine /home/pvanstad/ap tt0001_defs.h
2000.12.13 14:34 B C:\FTPSTUFF\tt0003.c <-- our linux machine /home/pvanstad/ap tt0003.c
2000.12.13 14:34 B C:\FTPSTUFF\tt0003_defs.h <-- our linux machine /home/pvanstad/ap tt0003_defs.h
2000.12.13 14:34 B C:\FTPSTUFF\tt0005.c <-- our linux machine /home/pvanstad/ap tt0005.c
2000.12.13 14:34 B C:\FTPSTUFF\tt0005_defs.h <-- our linux machine /home/pvanstad/ap tt0005_defs.h
2000.12.13 14:34 B C:\FTPSTUFF\tt0007.c <-- our linux machine /home/pvanstad/ap tt0007.c
2000.12.13 14:34 B C:\FTPSTUFF\tt0007_defs.h <-- our linux machine /home/pvanstad/ap tt0007_defs.h
2000.12.13 14:34 B C:\FTPSTUFF\tt0009.c <-- our linux machine /home/pvanstad/ap tt0009.c
2000.12.13 14:34 B C:\FTPSTUFF\tt0009_defs.h <-- our linux machine /home/pvanstad/ap tt0009_defs.h
2000.12.13 14:34 B C:\FTPSTUFF\tt0011.c <-- our linux machine /home/pvanstad/ap tt0011.c
2000.12.13 14:34 B C:\FTPSTUFF\tt0011_defs.h <-- our linux machine /home/pvanstad/ap tt0011_defs.h
2000.12.13 14:34 B C:\FTPSTUFF\tt0013.c <-- our linux machine /home/pvanstad/ap tt0013.c
2000.12.13 14:34 B C:\FTPSTUFF\tt0013_defs.h <-- our linux machine /home/pvanstad/ap tt0013_defs.h
2000.12.13 14:34 B C:\FTPSTUFF\tt0015.c <-- our linux machine /home/pvanstad/ap tt0015.c
2000.12.13 14:34 B C:\FTPSTUFF\tt0015_defs.h <-- our linux machine /home/pvanstad/ap tt0015_defs.h
2000.12.13 14:34 B C:\FTPSTUFF\tt0017.c <-- our linux machine /home/pvanstad/ap tt0017.c
2000.12.13 14:34 B C:\FTPSTUFF\tt0017_defs.h <-- our linux machine /home/pvanstad/ap tt0017_defs.h
2000.12.13 14:34 B C:\FTPSTUFF\tt0019.c <-- our linux machine /home/pvanstad/ap tt0019.c
2000.12.13 14:34 B C:\FTPSTUFF\tt0019_defs.h <-- our linux machine /home/pvanstad/ap tt0019_defs.h
2000.12.13 14:34 B C:\FTPSTUFF\tt0021.c <-- our linux machine /home/pvanstad/ap tt0021.c
2000.12.13 14:34 B C:\FTPSTUFF\tt0021_defs.h <-- our linux machine /home/pvanstad/ap tt0021_defs.h
2000.12.13 14:34 B C:\FTPSTUFF\tt0023.c <-- our linux machine /home/pvanstad/ap tt0023.c
2000.12.13 14:34 B C:\FTPSTUFF\tt0023_defs.h <-- our linux machine /home/pvanstad/ap tt0023_defs.h
2000.12.13 14:34 B C:\FTPSTUFF\tt0025.c <-- our linux machine /home/pvanstad/ap tt0025.c
2000.12.13 14:34 B C:\FTPSTUFF\tt0025_defs.h <-- our linux machine /home/pvanstad/ap tt0025_defs.h
2000.12.13 14:34 B C:\FTPSTUFF\tt0027.c <-- our linux machine /home/pvanstad/ap tt0027.c
2000.12.13 14:34 B C:\FTPSTUFF\tt0027_defs.h <-- our linux machine /home/pvanstad/ap tt0027_defs.h
2000.12.13 14:34 B C:\FTPSTUFF\tt0029.c <-- our linux machine /home/pvanstad/ap tt0029.c
2000.12.13 14:34 B C:\FTPSTUFF\tt0029_defs.h <-- our linux machine /home/pvanstad/ap tt0029_defs.h
2000.12.13 14:34 B C:\FTPSTUFF\tt0031.c <-- our linux machine /home/pvanstad/ap tt0031.c
2000.12.13 14:34 B C:\FTPSTUFF\tt0031_defs.h <-- our linux machine /home/pvanstad/ap tt0031_defs.h
2000.12.13 14:34 B C:\FTPSTUFF\tt0033.c <-- our linux machine /home/pvanstad/ap tt0033.c
2000.12.13 14:34 B C:\FTPSTUFF\tt0033_defs.h <-- our linux machine /home/pvanstad/ap tt0033_defs.h
2000.12.13 14:34 B C:\FTPSTUFF\tt0035.c <-- our linux machine /home/pvanstad/ap tt0035.c
2000.12.13 14:34 B C:\FTPSTUFF\tt0035_defs.h <-- our linux machine /home/pvanstad/ap tt0035_defs.h
2000.12.13 14:34 B C:\FTPSTUFF\tt0037.c <-- our linux machine /home/pvanstad/ap tt0037.c
2000.12.13 14:34 B C:\FTPSTUFF\tt0037_defs.h <-- our linux machine /home/pvanstad/ap tt0037_defs.h
2000.12.13 14:34 B C:\FTPSTUFF\tt0039.c <-- our linux machine /home/pvanstad/ap tt0039.c
2000.12.13 14:34 B C:\FTPSTUFF\tt0039_defs.h <-- our linux machine /home/pvanstad/ap tt0039_defs.h
2000.12.13 14:34 B C:\FTPSTUFF\tt0041.c <-- our linux machine /home/pvanstad/ap tt0041.c
2000.12.13 14:34 B C:\FTPSTUFF\tt0041_defs.h <-- our linux machine /home/pvanstad/ap tt0041_defs.h
2000.12.13 14:34 B C:\FTPSTUFF\tt0043.c <-- our linux machine /home/pvanstad/ap tt0043.c
2000.12.13 14:34 B C:\FTPSTUFF\tt0043_defs.h <-- our linux machine /home/pvanstad/ap tt0043_defs.h
2000.12.13 14:34 B C:\FTPSTUFF\tt0045.c <-- our linux machine /home/pvanstad/ap tt0045.c
2000.12.13 14:34 B C:\FTPSTUFF\tt0045_defs.h <-- our linux machine /home/pvanstad/ap tt0045_defs.h
2000.12.13 14:34 B C:\FTPSTUFF\tt0047.c <-- our linux machine /home/pvanstad/ap tt0047.c
2000.12.13 14:34 B C:\FTPSTUFF\tt0047_defs.h <-- our linux machine /home/pvanstad/ap tt0047_defs.h
2000.12.13 14:34 B C:\FTPSTUFF\tt0049.c <-- our linux machine /home/pvanstad/ap tt0049.c
2000.12.13 14:34 B C:\FTPSTUFF\tt0049_defs.h <-- our linux machine /home/pvanstad/ap tt0049_defs.h
2000.12.13 14:34 B C:\FTPSTUFF\tt0051.c <-- our linux machine /home/pvanstad/ap tt0051.c
2000.12.13 14:34 B C:\FTPSTUFF\tt0051_defs.h <-- our linux machine /home/pvanstad/ap tt0051_defs.h
2000.12.13 14:34 B C:\FTPSTUFF\tt0053.c <-- our linux machine /home/pvanstad/ap tt0053.c
2000.12.13 14:34 B C:\FTPSTUFF\tt0053_defs.h <-- our linux machine /home/pvanstad/ap tt0053_defs.h
2000.12.13 14:34 B C:\FTPSTUFF\tt0055.c <-- our linux machine /home/pvanstad/ap tt0055.c
2000.12.13 14:34 B C:\FTPSTUFF\tt0055_defs.h <-- our linux machine /home/pvanstad/ap tt0055_defs.h
2000.12.13 14:34 B C:\FTPSTUFF\tt0057.c <-- our linux machine /home/pvanstad/ap tt0057.c
2000.12.13 14:34 B C:\FTPSTUFF\tt0057_defs.h <-- our linux machine /home/pvanstad/ap tt0057_defs.h
2000.12.13 14:34 B C:\FTPSTUFF\tt0059.c <-- our linux machine /home/pvanstad/ap tt0059.c
2000.12.13 14:34 B C:\FTPSTUFF\tt0059_defs.h <-- our linux machine /home/pvanstad/ap tt0059_defs.h
2000.12.13 14:34 B C:\FTPSTUFF\tt0061.c <-- our linux machine /home/pvanstad/ap tt0061.c
2000.12.13 14:34 B C:\FTPSTUFF\tt0061_defs.h <-- our linux machine /home/pvanstad/ap tt0061_defs.h
2000.12.13 14:34 B C:\FTPSTUFF\tt0063.c <-- our linux machine /home/pvanstad/ap tt0063.c
2000.12.13 14:34 B C:\FTPSTUFF\tt0063_defs.h <-- our linux machine /home/pvanstad/ap tt0063_defs.h
2000.12.13 14:34 B C:\FTPSTUFF\tt0065.c <-- our linux machine /home/pvanstad/ap tt0065.c
2000.12.13 14:34 B C:\FTPSTUFF\tt0065_defs.h <-- our linux machine /home/pvanstad/ap tt0065_defs.h
2000.12.13 14:34 B C:\FTPSTUFF\tt0067.c <-- our linux machine /home/pvanstad/ap tt0067.c
2000.12.13 14:34 B C:\FTPSTUFF\tt0067_defs.h <-- our linux machine /home/pvanstad/ap tt0067_defs.h
2000.12.13 14:34 B C:\FTPSTUFF\tt0069.c <-- our linux machine /home/pvanstad/ap tt0069.c
2000.12.13 14:34 B C:\FTPSTUFF\tt0069_defs.h <-- our linux machine /home/pvanstad/ap tt0069_defs.h
2000.12.13 14:34 B C:\FTPSTUFF\tt0071.c <-- our linux machine /home/pvanstad/ap tt0071.c
2000.12.13 14:34 B C:\FTPSTUFF\tt0071_defs.h <-- our linux machine /home/pvanstad/ap tt0071_defs.h
2000.12.13 14:34 B C:\FTPSTUFF\tt0073.c <-- our linux machine /home/pvanstad/ap tt0073.c
2000.12.13 14:34 B C:\FTPSTUFF\tt0073_defs.h <-- our linux machine /home/pvanstad/ap tt0073_defs.h
2000.12.13 14:34 B C:\FTPSTUFF\tt0075.c <-- our linux machine /home/pvanstad/ap tt0075.c
2000.12.13 14:34 B C:\FTPSTUFF\tt0075_defs.h <-- our linux machine /home/pvanstad/ap tt0075_defs.h
2000.12.13 14:34 B C:\FTPSTUFF\tt0077.c <-- our linux machine /home/pvanstad/ap tt0077.c
2000.12.13 14:34 B C:\FTPSTUFF\tt0077_defs.h <-- our linux machine /home/pvanstad/ap tt0077_defs.h
2000.12.13 14:34 B C:\FTPSTUFF\tt0079.c <-- our linux machine /home/pvanstad/ap tt0079.c
2000.12.13 14:34 B C:\FTPSTUFF\tt0079_defs.h <-- our linux machine /home/pvanstad/ap tt0079_defs.h
2000.12.13 14:34 B C:\FTPSTUFF\tt0081.c <-- our linux machine /home/pvanstad/ap tt0081.c
2000.12.13 14:34 B C:\FTPSTUFF\tt0081_defs.h <-- our linux machine /home/pvanstad/ap tt0081_defs.h
2000.12.13 14:34 B C:\FTPSTUFF\tt0083.c <-- our linux machine /home/pvanstad/ap tt0083.c
2000.12.13 14:34 B C:\FTPSTUFF\tt0083_defs.h <-- our linux machine /home/pvanstad/ap tt0083_defs.h
2000.12.13 14:34 B C:\FTPSTUFF\tt0085.c <-- our linux machine /home/pvanstad/ap tt0085.c
2000.12.13 14:34 B C:\FTPSTUFF\tt0085_defs.h <-- our linux machine /home/pvanstad/ap tt0085_defs.h
2000.12.13 14:34 B C:\FTPSTUFF\tt0087.c <-- our linux machine /home/pvanstad/ap tt0087.c
2000.12.13 14:34 B C:\FTPSTUFF\tt0087_defs.h <-- our linux machine /home/pvanstad/ap tt0087_defs.h
2000.12.13 14:34 B C:\FTPSTUFF\tt0089.c <-- our linux machine /home/pvanstad/ap tt0089.c
2000.12.13 14:34 B C:\FTPSTUFF\tt0089_defs.h <-- our linux machine /home/pvanstad/ap tt0089_defs.h
2000.12.13 14:34 B C:\FTPSTUFF\tt0091.c <-- our linux machine /home/pvanstad/ap tt0091.c
2000.12.13 14:34 B C:\FTPSTUFF\tt0091_defs.h <-- our linux machine /home/pvanstad/ap tt0091_defs.h
2000.12.13 14:34 B C:\FTPSTUFF\tt0093.c <-- our linux machine /home/pvanstad/ap tt0093.c
2000.12.13 14:34 B C:\FTPSTUFF\tt0093_defs.h <-- our linux machine /home/pvanstad/ap tt0093_defs.h
2000.12.13 14:34 B C:\FTPSTUFF\tt0095.c <-- our linux machine /home/pvanstad/ap tt0095.c
2000.12.13 14:34 B C:\FTPSTUFF\tt0095_defs.h <-- our linux machine /home/pvanstad/ap tt0095_defs.h
2000.12.13 14:34 B C:\FTPSTUFF\tt0105.c <-- our linux machine /home/pvanstad/ap tt0105.c
2000.12.13 14:34 B C:\FTPSTUFF\tt0105_defs.h <-- our linux machine /home/pvanstad/ap tt0105_defs.h
2000.12.13 14:34 B C:\FTPSTUFF\tt0107.c <-- our linux machine /home/pvanstad/ap tt0107.c
2000.12.13 14:34 B C:\FTPSTUFF\tt0107_defs.h <-- our linux machine /home/pvanstad/ap tt0107_defs.h
2000.12.13 14:34 B C:\FTPSTUFF\tt0109.c <-- our linux machine /home/pvanstad/ap tt0109.c
2000.12.13 14:34 B C:\FTPSTUFF\tt0109_defs.h <-- our linux machine /home/pvanstad/ap tt0109_defs.h
2000.12.13 14:34 B C:\FTPSTUFF\tt0111.c <-- our linux machine /home/pvanstad/ap tt0111.c
2000.12.13 14:34 B C:\FTPSTUFF\tt0111_defs.h <-- our linux machine /home/pvanstad/ap tt0111_defs.h
2000.12.13 14:34 B C:\FTPSTUFF\tt0113.c <-- our linux machine /home/pvanstad/ap tt0113.c
2000.12.13 14:34 B C:\FTPSTUFF\tt0113_defs.h <-- our linux machine /home/pvanstad/ap tt0113_defs.h
2000.12.13 14:34 B C:\FTPSTUFF\tt0115.c <-- our linux machine /home/pvanstad/ap tt0115.c
2000.12.13 14:34 B C:\FTPSTUFF\tt0115_defs.h <-- our linux machine /home/pvanstad/ap tt0115_defs.h
2000.12.13 14:34 B C:\FTPSTUFF\tt0117.c <-- our linux machine /home/pvanstad/ap tt0117.c
2000.12.13 14:34 B C:\FTPSTUFF\tt0117_defs.h <-- our linux machine /home/pvanstad/ap tt0117_defs.h
2000.12.13 14:34 B C:\FTPSTUFF\tt0123.c <-- our linux machine /home/pvanstad/ap tt0123.c
2000.12.13 14:34 B C:\FTPSTUFF\tt0123_defs.h <-- our linux machine /home/pvanstad/ap tt0123_defs.h
2000.12.13 14:34 B C:\FTPSTUFF\utf8tab.h <-- our linux machine /home/pvanstad/ap utf8tab.h
2000.12.13 14:34 B C:\FTPSTUFF\wo01.c <-- our linux machine /home/pvanstad/ap wo01.c
2000.12.13 14:34 B C:\FTPSTUFF\wo01_defs.h <-- our linux machine /home/pvanstad/ap wo01_defs.h
2000.12.13 14:34 B C:\FTPSTUFF\wo03.c <-- our linux machine /home/pvanstad/ap wo03.c
2000.12.13 14:34 B C:\FTPSTUFF\wo03_defs.h <-- our linux machine /home/pvanstad/ap wo03_defs.h
2000.12.13 14:34 B C:\FTPSTUFF\xml.c <-- our linux machine /home/pvanstad/ap xml.c
2000.12.13 14:34 B C:\FTPSTUFF\xmldef.h <-- our linux machine /home/pvanstad/ap xmldef.h
2000.12.13 14:34 B C:\FTPSTUFF\xmlparse.c <-- our linux machine /home/pvanstad/ap xmlparse.c
2000.12.13 14:34 B C:\FTPSTUFF\xmlparse.h <-- our linux machine /home/pvanstad/ap xmlparse.h
2000.12.13 14:34 B C:\FTPSTUFF\xmlrole.c <-- our linux machine /home/pvanstad/ap xmlrole.c
2000.12.13 14:34 B C:\FTPSTUFF\xmlrole.h <-- our linux machine /home/pvanstad/ap xmlrole.h
2000.12.13 14:34 B C:\FTPSTUFF\xmltok.c <-- our linux machine /home/pvanstad/ap xmltok.c
2000.12.13 14:34 B C:\FTPSTUFF\xmltok.h <-- our linux machine /home/pvanstad/ap xmltok.h
2000.12.13 14:34 B C:\FTPSTUFF\xmltok_impl.c <-- our linux machine /home/pvanstad/ap xmltok_impl.c
2000.12.13 14:34 B C:\FTPSTUFF\xmltok_impl.h <-- our linux machine /home/pvanstad/ap xmltok_impl.h
2000.12.13 14:34 B C:\FTPSTUFF\xmltok_ns.c <-- our linux machine /home/pvanstad/ap xmltok_ns.c
